<?xml version="1.0" encoding="utf-8" standalone="no"?>
<test-run id="2" testcasecount="1" result="Passed" total="1" passed="1" failed="0" inconclusive="0" skipped="0" asserts="1" engine-version="3.7.0.0" clr-version="4.0.30319.42000" start-time="2017-11-13 20:13:42Z" end-time="2017-11-13 20:13:42Z" duration="0.644007">
  <command-line><![CDATA[nunit3-console  C:\Users\User\Source\Repos\NunitTestApp\NunitTestApp\bin\Debug\NunitTestApp.dll]]></command-line>
  <test-suite type="Assembly" id="0-1002" name="NunitTestApp.dll" fullname="C:\Users\User\Source\Repos\NunitTestApp\NunitTestApp\bin\Debug\NunitTestApp.dll" runstate="Runnable" testcasecount="1" result="Passed" start-time="2017-11-13 20:13:42Z" end-time="2017-11-13 20:13:42Z" duration="0.060806" total="1" passed="1" failed="0" warnings="0" inconclusive="0" skipped="0" asserts="1">
    <environment framework-version="3.9.0.0" clr-version="4.0.30319.42000" os-version="Microsoft Windows NT 10.0.15063.0" platform="Win32NT" cwd="C:\Users\User\Source\Repos\NunitTestApp\packages\NUnit.ConsoleRunner.3.7.0\tools" machine-name="DESKTOP-174F21E" user="СИСТЕМА" user-domain="WORKGROUP" culture="ru-RU" uiculture="ru-RU" os-architecture="x64" />
    <settings>
      <setting name="DisposeRunners" value="True" />
      <setting name="WorkDirectory" value="C:\Users\User\Source\Repos\NunitTestApp\packages\NUnit.ConsoleRunner.3.7.0\tools" />
      <setting name="ImageRuntimeVersion" value="4.0.30319" />
      <setting name="ImageTargetFrameworkName" value=".NETFramework,Version=v4.6.1" />
      <setting name="ImageRequiresX86" value="False" />
      <setting name="ImageRequiresDefaultAppDomainAssemblyResolver" value="False" />
      <setting name="NumberOfTestWorkers" value="4" />
    </settings>
    <properties>
      <property name="_PID" value="9128" />
      <property name="_APPDOMAIN" value="domain-" />
    </properties>
    <test-suite type="TestSuite" id="0-1003" name="NunitTestApp" fullname="NunitTestApp" runstate="Runnable" testcasecount="1" result="Passed" start-time="2017-11-13 20:13:42Z" end-time="2017-11-13 20:13:42Z" duration="0.040933" total="1" passed="1" failed="0" warnings="0" inconclusive="0" skipped="0" asserts="1">
      <test-suite type="TestFixture" id="0-1000" name="UnitTest1" fullname="NunitTestApp.UnitTest1" classname="NunitTestApp.UnitTest1" runstate="Runnable" testcasecount="1" result="Passed" start-time="2017-11-13 20:13:42Z" end-time="2017-11-13 20:13:42Z" duration="0.035283" total="1" passed="1" failed="0" warnings="0" inconclusive="0" skipped="0" asserts="1">
        <test-case id="0-1001" name="TwoPlusTwoEqaulsFive" fullname="NunitTestApp.UnitTest1.TwoPlusTwoEqaulsFive" methodname="TwoPlusTwoEqaulsFive" classname="NunitTestApp.UnitTest1" runstate="Runnable" seed="179081076" result="Passed" start-time="2017-11-13 20:13:42Z" end-time="2017-11-13 20:13:42Z" duration="0.023137" asserts="1" />
      </test-suite>
    </test-suite>
  </test-suite>
</test-run>